<?xml version="1.0" encoding="UTF-8"?>
<!-- Generated by org.testng.reporters.JUnitXMLReporter -->
<testsuite ignored="3" hostname="SISTEMAS13" failures="0" tests="1" name="Default test" time="39.829" errors="0" timestamp="2024-10-03T10:15:01 PET">
  <testcase classname="com.magento.tests.OrderTest" name="TCOrder01" time="32.082"/>
  <testcase classname="com.magento.tests.OrderTest" name="TCOrder03" time="0.0">
    <ignored/>
  </testcase> <!-- TCOrder03 -->
  <testcase classname="com.magento.tests.OrderTest" name="TCOrder04" time="0.0">
    <ignored/>
  </testcase> <!-- TCOrder04 -->
  <testcase classname="com.magento.tests.OrderTest" name="TCOrder02" time="0.0">
    <ignored/>
  </testcase> <!-- TCOrder02 -->
</testsuite> <!-- Default test -->
